<?xml version="1.0" encoding="UTF-8"?>
<!-- Generated by org.testng.reporters.JUnitReportReporter -->
<testsuite skipped="0" hostname="computer1" name="com.hackathon.api.ApproveLoanScreen" tests="1" failures="0" timestamp="07 Apr 2018 12:11:54 GMT" time="4.292" errors="0">
  <testcase name="verifyApiForUploadingDetailsOfLoanOnApplyLoanScreen" time="4.292" classname="com.hackathon.api.ApproveLoanScreen"/>
</testsuite> <!-- com.hackathon.api.ApproveLoanScreen -->
