<?xml version="1.0" encoding="UTF-8"?>
<!-- Generated by org.testng.reporters.JUnitReportReporter -->
<testsuite skipped="0" hostname="computer1" name="com.hackathon.api.LoginScreen" tests="1" failures="0" timestamp="07 Apr 2018 12:02:22 GMT" time="5.882" errors="0">
  <testcase name="verifyApiForLoginScreen" time="5.882" classname="com.hackathon.api.LoginScreen"/>
</testsuite> <!-- com.hackathon.api.LoginScreen -->
