<?xml version="1.0" encoding="UTF-8"?>
<!-- Generated by org.testng.reporters.JUnitReportReporter -->
<testsuite skipped="0" hostname="computer1" name="com.hackathon.api.ApplyLoanScreen" tests="1" failures="0" timestamp="07 Apr 2018 12:03:04 GMT" time="5.811" errors="0">
  <testcase name="verifyApiForUploadingDetailsOfLoanOnApplyLoanScreen" time="5.811" classname="com.hackathon.api.ApplyLoanScreen"/>
</testsuite> <!-- com.hackathon.api.ApplyLoanScreen -->
