<?xml version="1.0" encoding="UTF-8"?>
<!-- Generated by org.testng.reporters.JUnitReportReporter -->
<testsuite skipped="0" hostname="computer1" name="com.hackathon.api.VerifyJson" tests="1" failures="0" timestamp="07 Apr 2018 07:04:58 GMT" time="0.526" errors="0">
  <testcase name="verifyApiForLoginScreen" time="0.526" classname="com.hackathon.api.VerifyJson"/>
</testsuite> <!-- com.hackathon.api.VerifyJson -->
