<?xml version="1.0" encoding="UTF-8"?>
<!-- Generated by org.testng.reporters.JUnitReportReporter -->
<testsuite skipped="0" hostname="computer1" name="com.hackathon.api.Registerscreen" tests="2" failures="0" timestamp="07 Apr 2018 10:40:03 GMT" time="15.314" errors="0">
  <testcase name="verifyApiForUploadingDetailsOfUserOnRegisterScreen" time="9.103" classname="com.hackathon.api.Registerscreen"/>
  <testcase name="verifyApiForUploadingDuplicateDetailsOfUserOnRegisterScreen" time="6.211" classname="com.hackathon.api.Registerscreen"/>
</testsuite> <!-- com.hackathon.api.Registerscreen -->
